<?xml version="1.0" encoding="UTF-8"?>
<testng-results skipped="0" failed="0" total="1" passed="1">
  <reporter-output>
  </reporter-output>
  <suite name="Amazon App running on Firefox Browser" duration-ms="186266" started-at="2016-04-29T18:45:04Z" finished-at="2016-04-29T18:48:10Z">
    <groups>
    </groups>
    <test name="Home Page" duration-ms="186266" started-at="2016-04-29T18:45:04Z" finished-at="2016-04-29T18:48:10Z">
      <class name="search.ItemSearch">
        <test-method status="PASS" signature="setUp(java.lang.String)[pri:0, instance:search.ItemSearch@1554909b]" name="setUp" is-config="true" duration-ms="5057" started-at="2016-04-29T14:45:04Z" finished-at="2016-04-29T14:45:09Z">
          <params>
            <param index="0">
              <value>
                <![CDATA[http://www.amazon.com]]>
              </value>
            </param>
          </params>
          <reporter-output>
          </reporter-output>
        </test-method> <!-- setUp -->
        <test-method status="PASS" signature="dropDownSearch()[pri:0, instance:search.ItemSearch@1554909b]" name="dropDownSearch" duration-ms="180349" started-at="2016-04-29T14:45:09Z" finished-at="2016-04-29T14:48:09Z">
          <reporter-output>
          </reporter-output>
        </test-method> <!-- dropDownSearch -->
        <test-method status="PASS" signature="cleanUp()[pri:0, instance:search.ItemSearch@1554909b]" name="cleanUp" is-config="true" duration-ms="849" started-at="2016-04-29T14:48:09Z" finished-at="2016-04-29T14:48:10Z">
          <reporter-output>
          </reporter-output>
        </test-method> <!-- cleanUp -->
      </class> <!-- search.ItemSearch -->
    </test> <!-- Home Page -->
  </suite> <!-- Amazon App running on Firefox Browser -->
</testng-results>
